2015-02-11 17:36:09,043 [localhost-startStop-1] WARN  org.apache.axis2.transport.http.AxisServlet  - No transportReceiver for org.apache.axis2.transport.http.AxisServletListener found. An instance for HTTP will be configured automatically. Please update your axis2.xml file!
2015-02-11 17:36:36,312 [ODEServer-1] INFO  cn.edu.nju.cs.tcao4bpel.epr.TimeLogBpelEventListener  - 
ProcessInstanceStartedEvent:
	RootScopeId = 12651
	ScopeDeclarationId = 3
	Type = instanceLifecycle
	ProcessInstanceId = 12601
	ProcessId = {http://cs.nju.edu.cn/tcao4bpel/travel}Travel-6
	ProcessName = {http://cs.nju.edu.cn/tcao4bpel/travel}Travel
	Timestamp = Wed Feb 11 17:36:36 CST 2015
	LineNo = -1
	Class = class org.apache.ode.bpel.evt.ProcessInstanceStartedEvent
2015-02-11 17:36:40,759 [ODEServer-1] INFO  cn.edu.nju.cs.tcao4bpel.epr.TimeLogBpelEventListener  - 
ProcessCompletionEvent:
	Type = instanceLifecycle
	ProcessInstanceId = 12601
	ProcessId = {http://cs.nju.edu.cn/tcao4bpel/travel}Travel-6
	ProcessName = {http://cs.nju.edu.cn/tcao4bpel/travel}Travel
	Timestamp = Wed Feb 11 17:36:40 CST 2015
	LineNo = -1
	Class = class org.apache.ode.bpel.evt.ProcessCompletionEvent
2015-02-11 17:36:52,852 [ODEServer-1] INFO  cn.edu.nju.cs.tcao4bpel.epr.TimeLogBpelEventListener  - 
ProcessInstanceStartedEvent:
	RootScopeId = 12659
	ScopeDeclarationId = 3
	Type = instanceLifecycle
	ProcessInstanceId = 12602
	ProcessId = {http://cs.nju.edu.cn/tcao4bpel/travel}Travel-6
	ProcessName = {http://cs.nju.edu.cn/tcao4bpel/travel}Travel
	Timestamp = Wed Feb 11 17:36:52 CST 2015
	LineNo = -1
	Class = class org.apache.ode.bpel.evt.ProcessInstanceStartedEvent
2015-02-11 17:36:54,939 [ODEServer-1] INFO  cn.edu.nju.cs.tcao4bpel.epr.TimeLogBpelEventListener  - 
ProcessCompletionEvent:
	Type = instanceLifecycle
	ProcessInstanceId = 12602
	ProcessId = {http://cs.nju.edu.cn/tcao4bpel/travel}Travel-6
	ProcessName = {http://cs.nju.edu.cn/tcao4bpel/travel}Travel
	Timestamp = Wed Feb 11 17:36:54 CST 2015
	LineNo = -1
	Class = class org.apache.ode.bpel.evt.ProcessCompletionEvent
2015-02-11 17:36:57,841 [ODEServer-1] INFO  cn.edu.nju.cs.tcao4bpel.epr.TimeLogBpelEventListener  - 
ProcessInstanceStartedEvent:
	RootScopeId = 12667
	ScopeDeclarationId = 3
	Type = instanceLifecycle
	ProcessInstanceId = 12603
	ProcessId = {http://cs.nju.edu.cn/tcao4bpel/travel}Travel-6
	ProcessName = {http://cs.nju.edu.cn/tcao4bpel/travel}Travel
	Timestamp = Wed Feb 11 17:36:57 CST 2015
	LineNo = -1
	Class = class org.apache.ode.bpel.evt.ProcessInstanceStartedEvent
2015-02-11 17:36:59,381 [ODEServer-2] INFO  cn.edu.nju.cs.tcao4bpel.epr.TimeLogBpelEventListener  - 
ProcessCompletionEvent:
	Type = instanceLifecycle
	ProcessInstanceId = 12603
	ProcessId = {http://cs.nju.edu.cn/tcao4bpel/travel}Travel-6
	ProcessName = {http://cs.nju.edu.cn/tcao4bpel/travel}Travel
	Timestamp = Wed Feb 11 17:36:59 CST 2015
	LineNo = -1
	Class = class org.apache.ode.bpel.evt.ProcessCompletionEvent
2015-02-11 17:37:01,243 [ODEServer-2] INFO  cn.edu.nju.cs.tcao4bpel.epr.TimeLogBpelEventListener  - 
ProcessInstanceStartedEvent:
	RootScopeId = 12675
	ScopeDeclarationId = 3
	Type = instanceLifecycle
	ProcessInstanceId = 12604
	ProcessId = {http://cs.nju.edu.cn/tcao4bpel/travel}Travel-6
	ProcessName = {http://cs.nju.edu.cn/tcao4bpel/travel}Travel
	Timestamp = Wed Feb 11 17:37:01 CST 2015
	LineNo = -1
	Class = class org.apache.ode.bpel.evt.ProcessInstanceStartedEvent
2015-02-11 17:37:02,842 [ODEServer-4] INFO  cn.edu.nju.cs.tcao4bpel.epr.TimeLogBpelEventListener  - 
ProcessCompletionEvent:
	Type = instanceLifecycle
	ProcessInstanceId = 12604
	ProcessId = {http://cs.nju.edu.cn/tcao4bpel/travel}Travel-6
	ProcessName = {http://cs.nju.edu.cn/tcao4bpel/travel}Travel
	Timestamp = Wed Feb 11 17:37:02 CST 2015
	LineNo = -1
	Class = class org.apache.ode.bpel.evt.ProcessCompletionEvent
2015-02-11 17:37:05,202 [ODEServer-4] INFO  cn.edu.nju.cs.tcao4bpel.epr.TimeLogBpelEventListener  - 
ProcessInstanceStartedEvent:
	RootScopeId = 12683
	ScopeDeclarationId = 3
	Type = instanceLifecycle
	ProcessInstanceId = 12605
	ProcessId = {http://cs.nju.edu.cn/tcao4bpel/travel}Travel-6
	ProcessName = {http://cs.nju.edu.cn/tcao4bpel/travel}Travel
	Timestamp = Wed Feb 11 17:37:05 CST 2015
	LineNo = -1
	Class = class org.apache.ode.bpel.evt.ProcessInstanceStartedEvent
2015-02-11 17:37:06,458 [ODEServer-4] INFO  cn.edu.nju.cs.tcao4bpel.epr.TimeLogBpelEventListener  - 
ProcessCompletionEvent:
	Type = instanceLifecycle
	ProcessInstanceId = 12605
	ProcessId = {http://cs.nju.edu.cn/tcao4bpel/travel}Travel-6
	ProcessName = {http://cs.nju.edu.cn/tcao4bpel/travel}Travel
	Timestamp = Wed Feb 11 17:37:06 CST 2015
	LineNo = -1
	Class = class org.apache.ode.bpel.evt.ProcessCompletionEvent
2015-02-11 17:37:08,706 [ODEServer-4] INFO  cn.edu.nju.cs.tcao4bpel.epr.TimeLogBpelEventListener  - 
ProcessInstanceStartedEvent:
	RootScopeId = 12691
	ScopeDeclarationId = 3
	Type = instanceLifecycle
	ProcessInstanceId = 12606
	ProcessId = {http://cs.nju.edu.cn/tcao4bpel/travel}Travel-6
	ProcessName = {http://cs.nju.edu.cn/tcao4bpel/travel}Travel
	Timestamp = Wed Feb 11 17:37:08 CST 2015
	LineNo = -1
	Class = class org.apache.ode.bpel.evt.ProcessInstanceStartedEvent
2015-02-11 17:37:09,980 [ODEServer-4] INFO  cn.edu.nju.cs.tcao4bpel.epr.TimeLogBpelEventListener  - 
ProcessCompletionEvent:
	Type = instanceLifecycle
	ProcessInstanceId = 12606
	ProcessId = {http://cs.nju.edu.cn/tcao4bpel/travel}Travel-6
	ProcessName = {http://cs.nju.edu.cn/tcao4bpel/travel}Travel
	Timestamp = Wed Feb 11 17:37:09 CST 2015
	LineNo = -1
	Class = class org.apache.ode.bpel.evt.ProcessCompletionEvent
2015-02-11 17:37:11,851 [ODEServer-4] INFO  cn.edu.nju.cs.tcao4bpel.epr.TimeLogBpelEventListener  - 
ProcessInstanceStartedEvent:
	RootScopeId = 12699
	ScopeDeclarationId = 3
	Type = instanceLifecycle
	ProcessInstanceId = 12607
	ProcessId = {http://cs.nju.edu.cn/tcao4bpel/travel}Travel-6
	ProcessName = {http://cs.nju.edu.cn/tcao4bpel/travel}Travel
	Timestamp = Wed Feb 11 17:37:11 CST 2015
	LineNo = -1
	Class = class org.apache.ode.bpel.evt.ProcessInstanceStartedEvent
2015-02-11 17:37:13,199 [ODEServer-4] INFO  cn.edu.nju.cs.tcao4bpel.epr.TimeLogBpelEventListener  - 
ProcessCompletionEvent:
	Type = instanceLifecycle
	ProcessInstanceId = 12607
	ProcessId = {http://cs.nju.edu.cn/tcao4bpel/travel}Travel-6
	ProcessName = {http://cs.nju.edu.cn/tcao4bpel/travel}Travel
	Timestamp = Wed Feb 11 17:37:13 CST 2015
	LineNo = -1
	Class = class org.apache.ode.bpel.evt.ProcessCompletionEvent
2015-02-11 17:37:15,815 [ODEServer-4] INFO  cn.edu.nju.cs.tcao4bpel.epr.TimeLogBpelEventListener  - 
ProcessInstanceStartedEvent:
	RootScopeId = 14307
	ScopeDeclarationId = 3
	Type = instanceLifecycle
	ProcessInstanceId = 12608
	ProcessId = {http://cs.nju.edu.cn/tcao4bpel/travel}Travel-6
	ProcessName = {http://cs.nju.edu.cn/tcao4bpel/travel}Travel
	Timestamp = Wed Feb 11 17:37:15 CST 2015
	LineNo = -1
	Class = class org.apache.ode.bpel.evt.ProcessInstanceStartedEvent
2015-02-11 17:37:16,782 [ODEServer-2] INFO  cn.edu.nju.cs.tcao4bpel.epr.TimeLogBpelEventListener  - 
ProcessCompletionEvent:
	Type = instanceLifecycle
	ProcessInstanceId = 12608
	ProcessId = {http://cs.nju.edu.cn/tcao4bpel/travel}Travel-6
	ProcessName = {http://cs.nju.edu.cn/tcao4bpel/travel}Travel
	Timestamp = Wed Feb 11 17:37:16 CST 2015
	LineNo = -1
	Class = class org.apache.ode.bpel.evt.ProcessCompletionEvent
2015-02-11 17:37:18,396 [ODEServer-2] INFO  cn.edu.nju.cs.tcao4bpel.epr.TimeLogBpelEventListener  - 
ProcessInstanceStartedEvent:
	RootScopeId = 14315
	ScopeDeclarationId = 3
	Type = instanceLifecycle
	ProcessInstanceId = 12609
	ProcessId = {http://cs.nju.edu.cn/tcao4bpel/travel}Travel-6
	ProcessName = {http://cs.nju.edu.cn/tcao4bpel/travel}Travel
	Timestamp = Wed Feb 11 17:37:18 CST 2015
	LineNo = -1
	Class = class org.apache.ode.bpel.evt.ProcessInstanceStartedEvent
2015-02-11 17:37:19,518 [ODEServer-5] INFO  cn.edu.nju.cs.tcao4bpel.epr.TimeLogBpelEventListener  - 
ProcessCompletionEvent:
	Type = instanceLifecycle
	ProcessInstanceId = 12609
	ProcessId = {http://cs.nju.edu.cn/tcao4bpel/travel}Travel-6
	ProcessName = {http://cs.nju.edu.cn/tcao4bpel/travel}Travel
	Timestamp = Wed Feb 11 17:37:19 CST 2015
	LineNo = -1
	Class = class org.apache.ode.bpel.evt.ProcessCompletionEvent
2015-02-11 17:37:26,314 [ODEServer-5] INFO  cn.edu.nju.cs.tcao4bpel.epr.TimeLogBpelEventListener  - 
ProcessInstanceStartedEvent:
	RootScopeId = 14323
	ScopeDeclarationId = 3
	Type = instanceLifecycle
	ProcessInstanceId = 12610
	ProcessId = {http://cs.nju.edu.cn/tcao4bpel/travel}Travel-6
	ProcessName = {http://cs.nju.edu.cn/tcao4bpel/travel}Travel
	Timestamp = Wed Feb 11 17:37:26 CST 2015
	LineNo = -1
	Class = class org.apache.ode.bpel.evt.ProcessInstanceStartedEvent
2015-02-11 17:37:27,418 [ODEServer-1] INFO  cn.edu.nju.cs.tcao4bpel.epr.TimeLogBpelEventListener  - 
ProcessCompletionEvent:
	Type = instanceLifecycle
	ProcessInstanceId = 12610
	ProcessId = {http://cs.nju.edu.cn/tcao4bpel/travel}Travel-6
	ProcessName = {http://cs.nju.edu.cn/tcao4bpel/travel}Travel
	Timestamp = Wed Feb 11 17:37:27 CST 2015
	LineNo = -1
	Class = class org.apache.ode.bpel.evt.ProcessCompletionEvent
2015-02-11 17:37:29,441 [ODEServer-1] INFO  cn.edu.nju.cs.tcao4bpel.epr.TimeLogBpelEventListener  - 
ProcessInstanceStartedEvent:
	RootScopeId = 14331
	ScopeDeclarationId = 3
	Type = instanceLifecycle
	ProcessInstanceId = 12611
	ProcessId = {http://cs.nju.edu.cn/tcao4bpel/travel}Travel-6
	ProcessName = {http://cs.nju.edu.cn/tcao4bpel/travel}Travel
	Timestamp = Wed Feb 11 17:37:29 CST 2015
	LineNo = -1
	Class = class org.apache.ode.bpel.evt.ProcessInstanceStartedEvent
2015-02-11 17:37:30,482 [ODEServer-1] INFO  cn.edu.nju.cs.tcao4bpel.epr.TimeLogBpelEventListener  - 
ProcessCompletionEvent:
	Type = instanceLifecycle
	ProcessInstanceId = 12611
	ProcessId = {http://cs.nju.edu.cn/tcao4bpel/travel}Travel-6
	ProcessName = {http://cs.nju.edu.cn/tcao4bpel/travel}Travel
	Timestamp = Wed Feb 11 17:37:30 CST 2015
	LineNo = -1
	Class = class org.apache.ode.bpel.evt.ProcessCompletionEvent
2015-02-11 17:37:32,470 [ODEServer-1] INFO  cn.edu.nju.cs.tcao4bpel.epr.TimeLogBpelEventListener  - 
ProcessInstanceStartedEvent:
	RootScopeId = 14339
	ScopeDeclarationId = 3
	Type = instanceLifecycle
	ProcessInstanceId = 12612
	ProcessId = {http://cs.nju.edu.cn/tcao4bpel/travel}Travel-6
	ProcessName = {http://cs.nju.edu.cn/tcao4bpel/travel}Travel
	Timestamp = Wed Feb 11 17:37:32 CST 2015
	LineNo = -1
	Class = class org.apache.ode.bpel.evt.ProcessInstanceStartedEvent
2015-02-11 17:37:33,463 [ODEServer-1] INFO  cn.edu.nju.cs.tcao4bpel.epr.TimeLogBpelEventListener  - 
ProcessCompletionEvent:
	Type = instanceLifecycle
	ProcessInstanceId = 12612
	ProcessId = {http://cs.nju.edu.cn/tcao4bpel/travel}Travel-6
	ProcessName = {http://cs.nju.edu.cn/tcao4bpel/travel}Travel
	Timestamp = Wed Feb 11 17:37:33 CST 2015
	LineNo = -1
	Class = class org.apache.ode.bpel.evt.ProcessCompletionEvent
2015-02-11 17:37:35,958 [ODEServer-1] INFO  cn.edu.nju.cs.tcao4bpel.epr.TimeLogBpelEventListener  - 
ProcessInstanceStartedEvent:
	RootScopeId = 14347
	ScopeDeclarationId = 3
	Type = instanceLifecycle
	ProcessInstanceId = 12613
	ProcessId = {http://cs.nju.edu.cn/tcao4bpel/travel}Travel-6
	ProcessName = {http://cs.nju.edu.cn/tcao4bpel/travel}Travel
	Timestamp = Wed Feb 11 17:37:35 CST 2015
	LineNo = -1
	Class = class org.apache.ode.bpel.evt.ProcessInstanceStartedEvent
2015-02-11 17:37:37,615 [ODEServer-1] INFO  cn.edu.nju.cs.tcao4bpel.epr.TimeLogBpelEventListener  - 
ProcessCompletionEvent:
	Type = instanceLifecycle
	ProcessInstanceId = 12613
	ProcessId = {http://cs.nju.edu.cn/tcao4bpel/travel}Travel-6
	ProcessName = {http://cs.nju.edu.cn/tcao4bpel/travel}Travel
	Timestamp = Wed Feb 11 17:37:37 CST 2015
	LineNo = -1
	Class = class org.apache.ode.bpel.evt.ProcessCompletionEvent
2015-02-11 17:37:39,357 [ODEServer-1] INFO  cn.edu.nju.cs.tcao4bpel.epr.TimeLogBpelEventListener  - 
ProcessInstanceStartedEvent:
	RootScopeId = 16105
	ScopeDeclarationId = 3
	Type = instanceLifecycle
	ProcessInstanceId = 12614
	ProcessId = {http://cs.nju.edu.cn/tcao4bpel/travel}Travel-6
	ProcessName = {http://cs.nju.edu.cn/tcao4bpel/travel}Travel
	Timestamp = Wed Feb 11 17:37:39 CST 2015
	LineNo = -1
	Class = class org.apache.ode.bpel.evt.ProcessInstanceStartedEvent
2015-02-11 17:37:40,902 [ODEServer-2] INFO  cn.edu.nju.cs.tcao4bpel.epr.TimeLogBpelEventListener  - 
ProcessCompletionEvent:
	Type = instanceLifecycle
	ProcessInstanceId = 12614
	ProcessId = {http://cs.nju.edu.cn/tcao4bpel/travel}Travel-6
	ProcessName = {http://cs.nju.edu.cn/tcao4bpel/travel}Travel
	Timestamp = Wed Feb 11 17:37:40 CST 2015
	LineNo = -1
	Class = class org.apache.ode.bpel.evt.ProcessCompletionEvent
2015-02-11 17:37:42,787 [ODEServer-2] INFO  cn.edu.nju.cs.tcao4bpel.epr.TimeLogBpelEventListener  - 
ProcessInstanceStartedEvent:
	RootScopeId = 16113
	ScopeDeclarationId = 3
	Type = instanceLifecycle
	ProcessInstanceId = 12615
	ProcessId = {http://cs.nju.edu.cn/tcao4bpel/travel}Travel-6
	ProcessName = {http://cs.nju.edu.cn/tcao4bpel/travel}Travel
	Timestamp = Wed Feb 11 17:37:42 CST 2015
	LineNo = -1
	Class = class org.apache.ode.bpel.evt.ProcessInstanceStartedEvent
2015-02-11 17:37:44,524 [ODEServer-2] INFO  cn.edu.nju.cs.tcao4bpel.epr.TimeLogBpelEventListener  - 
ProcessCompletionEvent:
	Type = instanceLifecycle
	ProcessInstanceId = 12615
	ProcessId = {http://cs.nju.edu.cn/tcao4bpel/travel}Travel-6
	ProcessName = {http://cs.nju.edu.cn/tcao4bpel/travel}Travel
	Timestamp = Wed Feb 11 17:37:44 CST 2015
	LineNo = -1
	Class = class org.apache.ode.bpel.evt.ProcessCompletionEvent
2015-02-11 17:39:09,913 [ODEServer-1] INFO  cn.edu.nju.cs.tcao4bpel.epr.TimeLogBpelEventListener  - 
ProcessInstanceStartedEvent:
	RootScopeId = 16121
	ScopeDeclarationId = 3
	Type = instanceLifecycle
	ProcessInstanceId = 12616
	ProcessId = {http://cs.nju.edu.cn/tcao4bpel/travel}TravelCase1-4
	ProcessName = {http://cs.nju.edu.cn/tcao4bpel/travel}TravelCase1
	Timestamp = Wed Feb 11 17:39:09 CST 2015
	LineNo = -1
	Class = class org.apache.ode.bpel.evt.ProcessInstanceStartedEvent
2015-02-11 17:39:12,666 [ODEServer-6] INFO  cn.edu.nju.cs.tcao4bpel.epr.TimeLogBpelEventListener  - 
ProcessCompletionEvent:
	Type = instanceLifecycle
	ProcessInstanceId = 12616
	ProcessId = {http://cs.nju.edu.cn/tcao4bpel/travel}TravelCase1-4
	ProcessName = {http://cs.nju.edu.cn/tcao4bpel/travel}TravelCase1
	Timestamp = Wed Feb 11 17:39:12 CST 2015
	LineNo = -1
	Class = class org.apache.ode.bpel.evt.ProcessCompletionEvent
2015-02-11 17:39:15,996 [ODEServer-6] INFO  cn.edu.nju.cs.tcao4bpel.epr.TimeLogBpelEventListener  - 
ProcessInstanceStartedEvent:
	RootScopeId = 16130
	ScopeDeclarationId = 3
	Type = instanceLifecycle
	ProcessInstanceId = 12617
	ProcessId = {http://cs.nju.edu.cn/tcao4bpel/travel}TravelCase1-4
	ProcessName = {http://cs.nju.edu.cn/tcao4bpel/travel}TravelCase1
	Timestamp = Wed Feb 11 17:39:15 CST 2015
	LineNo = -1
	Class = class org.apache.ode.bpel.evt.ProcessInstanceStartedEvent
2015-02-11 17:39:18,675 [ODEServer-7] INFO  cn.edu.nju.cs.tcao4bpel.epr.TimeLogBpelEventListener  - 
ProcessCompletionEvent:
	Type = instanceLifecycle
	ProcessInstanceId = 12617
	ProcessId = {http://cs.nju.edu.cn/tcao4bpel/travel}TravelCase1-4
	ProcessName = {http://cs.nju.edu.cn/tcao4bpel/travel}TravelCase1
	Timestamp = Wed Feb 11 17:39:18 CST 2015
	LineNo = -1
	Class = class org.apache.ode.bpel.evt.ProcessCompletionEvent
2015-02-11 17:39:21,690 [ODEServer-6] INFO  cn.edu.nju.cs.tcao4bpel.epr.TimeLogBpelEventListener  - 
ProcessInstanceStartedEvent:
	RootScopeId = 16139
	ScopeDeclarationId = 3
	Type = instanceLifecycle
	ProcessInstanceId = 12618
	ProcessId = {http://cs.nju.edu.cn/tcao4bpel/travel}TravelCase1-4
	ProcessName = {http://cs.nju.edu.cn/tcao4bpel/travel}TravelCase1
	Timestamp = Wed Feb 11 17:39:21 CST 2015
	LineNo = -1
	Class = class org.apache.ode.bpel.evt.ProcessInstanceStartedEvent
2015-02-11 17:39:24,243 [ODEServer-6] INFO  cn.edu.nju.cs.tcao4bpel.epr.TimeLogBpelEventListener  - 
ProcessCompletionEvent:
	Type = instanceLifecycle
	ProcessInstanceId = 12618
	ProcessId = {http://cs.nju.edu.cn/tcao4bpel/travel}TravelCase1-4
	ProcessName = {http://cs.nju.edu.cn/tcao4bpel/travel}TravelCase1
	Timestamp = Wed Feb 11 17:39:24 CST 2015
	LineNo = -1
	Class = class org.apache.ode.bpel.evt.ProcessCompletionEvent
2015-02-11 17:39:26,249 [ODEServer-6] INFO  cn.edu.nju.cs.tcao4bpel.epr.TimeLogBpelEventListener  - 
ProcessInstanceStartedEvent:
	RootScopeId = 16148
	ScopeDeclarationId = 3
	Type = instanceLifecycle
	ProcessInstanceId = 12619
	ProcessId = {http://cs.nju.edu.cn/tcao4bpel/travel}TravelCase1-4
	ProcessName = {http://cs.nju.edu.cn/tcao4bpel/travel}TravelCase1
	Timestamp = Wed Feb 11 17:39:26 CST 2015
	LineNo = -1
	Class = class org.apache.ode.bpel.evt.ProcessInstanceStartedEvent
2015-02-11 17:39:28,829 [ODEServer-9] INFO  cn.edu.nju.cs.tcao4bpel.epr.TimeLogBpelEventListener  - 
ProcessCompletionEvent:
	Type = instanceLifecycle
	ProcessInstanceId = 12619
	ProcessId = {http://cs.nju.edu.cn/tcao4bpel/travel}TravelCase1-4
	ProcessName = {http://cs.nju.edu.cn/tcao4bpel/travel}TravelCase1
	Timestamp = Wed Feb 11 17:39:28 CST 2015
	LineNo = -1
	Class = class org.apache.ode.bpel.evt.ProcessCompletionEvent
2015-02-11 17:39:31,042 [ODEServer-9] INFO  cn.edu.nju.cs.tcao4bpel.epr.TimeLogBpelEventListener  - 
ProcessInstanceStartedEvent:
	RootScopeId = 17807
	ScopeDeclarationId = 3
	Type = instanceLifecycle
	ProcessInstanceId = 12620
	ProcessId = {http://cs.nju.edu.cn/tcao4bpel/travel}TravelCase1-4
	ProcessName = {http://cs.nju.edu.cn/tcao4bpel/travel}TravelCase1
	Timestamp = Wed Feb 11 17:39:31 CST 2015
	LineNo = -1
	Class = class org.apache.ode.bpel.evt.ProcessInstanceStartedEvent
2015-02-11 17:39:33,602 [ODEServer-7] INFO  cn.edu.nju.cs.tcao4bpel.epr.TimeLogBpelEventListener  - 
ProcessCompletionEvent:
	Type = instanceLifecycle
	ProcessInstanceId = 12620
	ProcessId = {http://cs.nju.edu.cn/tcao4bpel/travel}TravelCase1-4
	ProcessName = {http://cs.nju.edu.cn/tcao4bpel/travel}TravelCase1
	Timestamp = Wed Feb 11 17:39:33 CST 2015
	LineNo = -1
	Class = class org.apache.ode.bpel.evt.ProcessCompletionEvent
2015-02-11 17:39:35,498 [ODEServer-7] INFO  cn.edu.nju.cs.tcao4bpel.epr.TimeLogBpelEventListener  - 
ProcessInstanceStartedEvent:
	RootScopeId = 17816
	ScopeDeclarationId = 3
	Type = instanceLifecycle
	ProcessInstanceId = 12621
	ProcessId = {http://cs.nju.edu.cn/tcao4bpel/travel}TravelCase1-4
	ProcessName = {http://cs.nju.edu.cn/tcao4bpel/travel}TravelCase1
	Timestamp = Wed Feb 11 17:39:35 CST 2015
	LineNo = -1
	Class = class org.apache.ode.bpel.evt.ProcessInstanceStartedEvent
2015-02-11 17:39:37,921 [ODEServer-6] INFO  cn.edu.nju.cs.tcao4bpel.epr.TimeLogBpelEventListener  - 
ProcessCompletionEvent:
	Type = instanceLifecycle
	ProcessInstanceId = 12621
	ProcessId = {http://cs.nju.edu.cn/tcao4bpel/travel}TravelCase1-4
	ProcessName = {http://cs.nju.edu.cn/tcao4bpel/travel}TravelCase1
	Timestamp = Wed Feb 11 17:39:37 CST 2015
	LineNo = -1
	Class = class org.apache.ode.bpel.evt.ProcessCompletionEvent
2015-02-11 17:39:39,953 [ODEServer-6] INFO  cn.edu.nju.cs.tcao4bpel.epr.TimeLogBpelEventListener  - 
ProcessInstanceStartedEvent:
	RootScopeId = 17825
	ScopeDeclarationId = 3
	Type = instanceLifecycle
	ProcessInstanceId = 12622
	ProcessId = {http://cs.nju.edu.cn/tcao4bpel/travel}TravelCase1-4
	ProcessName = {http://cs.nju.edu.cn/tcao4bpel/travel}TravelCase1
	Timestamp = Wed Feb 11 17:39:39 CST 2015
	LineNo = -1
	Class = class org.apache.ode.bpel.evt.ProcessInstanceStartedEvent
2015-02-11 17:39:42,614 [ODEServer-9] INFO  cn.edu.nju.cs.tcao4bpel.epr.TimeLogBpelEventListener  - 
ProcessCompletionEvent:
	Type = instanceLifecycle
	ProcessInstanceId = 12622
	ProcessId = {http://cs.nju.edu.cn/tcao4bpel/travel}TravelCase1-4
	ProcessName = {http://cs.nju.edu.cn/tcao4bpel/travel}TravelCase1
	Timestamp = Wed Feb 11 17:39:42 CST 2015
	LineNo = -1
	Class = class org.apache.ode.bpel.evt.ProcessCompletionEvent
2015-02-11 17:39:44,489 [ODEServer-9] INFO  cn.edu.nju.cs.tcao4bpel.epr.TimeLogBpelEventListener  - 
ProcessInstanceStartedEvent:
	RootScopeId = 17834
	ScopeDeclarationId = 3
	Type = instanceLifecycle
	ProcessInstanceId = 12623
	ProcessId = {http://cs.nju.edu.cn/tcao4bpel/travel}TravelCase1-4
	ProcessName = {http://cs.nju.edu.cn/tcao4bpel/travel}TravelCase1
	Timestamp = Wed Feb 11 17:39:44 CST 2015
	LineNo = -1
	Class = class org.apache.ode.bpel.evt.ProcessInstanceStartedEvent
2015-02-11 17:39:47,054 [ODEServer-6] INFO  cn.edu.nju.cs.tcao4bpel.epr.TimeLogBpelEventListener  - 
ProcessCompletionEvent:
	Type = instanceLifecycle
	ProcessInstanceId = 12623
	ProcessId = {http://cs.nju.edu.cn/tcao4bpel/travel}TravelCase1-4
	ProcessName = {http://cs.nju.edu.cn/tcao4bpel/travel}TravelCase1
	Timestamp = Wed Feb 11 17:39:47 CST 2015
	LineNo = -1
	Class = class org.apache.ode.bpel.evt.ProcessCompletionEvent
2015-02-11 17:39:49,255 [ODEServer-6] INFO  cn.edu.nju.cs.tcao4bpel.epr.TimeLogBpelEventListener  - 
ProcessInstanceStartedEvent:
	RootScopeId = 17843
	ScopeDeclarationId = 3
	Type = instanceLifecycle
	ProcessInstanceId = 12624
	ProcessId = {http://cs.nju.edu.cn/tcao4bpel/travel}TravelCase1-4
	ProcessName = {http://cs.nju.edu.cn/tcao4bpel/travel}TravelCase1
	Timestamp = Wed Feb 11 17:39:49 CST 2015
	LineNo = -1
	Class = class org.apache.ode.bpel.evt.ProcessInstanceStartedEvent
2015-02-11 17:39:51,811 [ODEServer-9] INFO  cn.edu.nju.cs.tcao4bpel.epr.TimeLogBpelEventListener  - 
ProcessCompletionEvent:
	Type = instanceLifecycle
	ProcessInstanceId = 12624
	ProcessId = {http://cs.nju.edu.cn/tcao4bpel/travel}TravelCase1-4
	ProcessName = {http://cs.nju.edu.cn/tcao4bpel/travel}TravelCase1
	Timestamp = Wed Feb 11 17:39:51 CST 2015
	LineNo = -1
	Class = class org.apache.ode.bpel.evt.ProcessCompletionEvent
2015-02-11 17:39:54,151 [ODEServer-9] INFO  cn.edu.nju.cs.tcao4bpel.epr.TimeLogBpelEventListener  - 
ProcessInstanceStartedEvent:
	RootScopeId = 19502
	ScopeDeclarationId = 3
	Type = instanceLifecycle
	ProcessInstanceId = 12625
	ProcessId = {http://cs.nju.edu.cn/tcao4bpel/travel}TravelCase1-4
	ProcessName = {http://cs.nju.edu.cn/tcao4bpel/travel}TravelCase1
	Timestamp = Wed Feb 11 17:39:54 CST 2015
	LineNo = -1
	Class = class org.apache.ode.bpel.evt.ProcessInstanceStartedEvent
2015-02-11 17:39:56,630 [ODEServer-9] INFO  cn.edu.nju.cs.tcao4bpel.epr.TimeLogBpelEventListener  - 
ProcessCompletionEvent:
	Type = instanceLifecycle
	ProcessInstanceId = 12625
	ProcessId = {http://cs.nju.edu.cn/tcao4bpel/travel}TravelCase1-4
	ProcessName = {http://cs.nju.edu.cn/tcao4bpel/travel}TravelCase1
	Timestamp = Wed Feb 11 17:39:56 CST 2015
	LineNo = -1
	Class = class org.apache.ode.bpel.evt.ProcessCompletionEvent
2015-02-11 17:40:02,280 [ODEServer-9] INFO  cn.edu.nju.cs.tcao4bpel.epr.TimeLogBpelEventListener  - 
ProcessInstanceStartedEvent:
	RootScopeId = 19511
	ScopeDeclarationId = 3
	Type = instanceLifecycle
	ProcessInstanceId = 12626
	ProcessId = {http://cs.nju.edu.cn/tcao4bpel/travel}TravelCase1-4
	ProcessName = {http://cs.nju.edu.cn/tcao4bpel/travel}TravelCase1
	Timestamp = Wed Feb 11 17:40:02 CST 2015
	LineNo = -1
	Class = class org.apache.ode.bpel.evt.ProcessInstanceStartedEvent
2015-02-11 17:40:04,816 [ODEServer-6] INFO  cn.edu.nju.cs.tcao4bpel.epr.TimeLogBpelEventListener  - 
ProcessCompletionEvent:
	Type = instanceLifecycle
	ProcessInstanceId = 12626
	ProcessId = {http://cs.nju.edu.cn/tcao4bpel/travel}TravelCase1-4
	ProcessName = {http://cs.nju.edu.cn/tcao4bpel/travel}TravelCase1
	Timestamp = Wed Feb 11 17:40:04 CST 2015
	LineNo = -1
	Class = class org.apache.ode.bpel.evt.ProcessCompletionEvent
2015-02-11 17:40:07,051 [ODEServer-6] INFO  cn.edu.nju.cs.tcao4bpel.epr.TimeLogBpelEventListener  - 
ProcessInstanceStartedEvent:
	RootScopeId = 19520
	ScopeDeclarationId = 3
	Type = instanceLifecycle
	ProcessInstanceId = 12627
	ProcessId = {http://cs.nju.edu.cn/tcao4bpel/travel}TravelCase1-4
	ProcessName = {http://cs.nju.edu.cn/tcao4bpel/travel}TravelCase1
	Timestamp = Wed Feb 11 17:40:07 CST 2015
	LineNo = -1
	Class = class org.apache.ode.bpel.evt.ProcessInstanceStartedEvent
2015-02-11 17:40:09,710 [ODEServer-9] INFO  cn.edu.nju.cs.tcao4bpel.epr.TimeLogBpelEventListener  - 
ProcessCompletionEvent:
	Type = instanceLifecycle
	ProcessInstanceId = 12627
	ProcessId = {http://cs.nju.edu.cn/tcao4bpel/travel}TravelCase1-4
	ProcessName = {http://cs.nju.edu.cn/tcao4bpel/travel}TravelCase1
	Timestamp = Wed Feb 11 17:40:09 CST 2015
	LineNo = -1
	Class = class org.apache.ode.bpel.evt.ProcessCompletionEvent
2015-02-11 17:40:12,129 [ODEServer-9] INFO  cn.edu.nju.cs.tcao4bpel.epr.TimeLogBpelEventListener  - 
ProcessInstanceStartedEvent:
	RootScopeId = 19529
	ScopeDeclarationId = 3
	Type = instanceLifecycle
	ProcessInstanceId = 12628
	ProcessId = {http://cs.nju.edu.cn/tcao4bpel/travel}TravelCase1-4
	ProcessName = {http://cs.nju.edu.cn/tcao4bpel/travel}TravelCase1
	Timestamp = Wed Feb 11 17:40:12 CST 2015
	LineNo = -1
	Class = class org.apache.ode.bpel.evt.ProcessInstanceStartedEvent
2015-02-11 17:40:14,550 [ODEServer-1] INFO  cn.edu.nju.cs.tcao4bpel.epr.TimeLogBpelEventListener  - 
ProcessCompletionEvent:
	Type = instanceLifecycle
	ProcessInstanceId = 12628
	ProcessId = {http://cs.nju.edu.cn/tcao4bpel/travel}TravelCase1-4
	ProcessName = {http://cs.nju.edu.cn/tcao4bpel/travel}TravelCase1
	Timestamp = Wed Feb 11 17:40:14 CST 2015
	LineNo = -1
	Class = class org.apache.ode.bpel.evt.ProcessCompletionEvent
2015-02-11 17:40:55,407 [ODEServer-1] INFO  cn.edu.nju.cs.tcao4bpel.epr.TimeLogBpelEventListener  - 
ProcessInstanceStartedEvent:
	RootScopeId = 19538
	ScopeDeclarationId = 3
	Type = instanceLifecycle
	ProcessInstanceId = 12629
	ProcessId = {http://cs.nju.edu.cn/tcao4bpel/travel}TravelCase2-5
	ProcessName = {http://cs.nju.edu.cn/tcao4bpel/travel}TravelCase2
	Timestamp = Wed Feb 11 17:40:55 CST 2015
	LineNo = -1
	Class = class org.apache.ode.bpel.evt.ProcessInstanceStartedEvent
2015-02-11 17:40:58,086 [ODEServer-7] INFO  cn.edu.nju.cs.tcao4bpel.epr.TimeLogBpelEventListener  - 
ProcessCompletionEvent:
	Type = instanceLifecycle
	ProcessInstanceId = 12629
	ProcessId = {http://cs.nju.edu.cn/tcao4bpel/travel}TravelCase2-5
	ProcessName = {http://cs.nju.edu.cn/tcao4bpel/travel}TravelCase2
	Timestamp = Wed Feb 11 17:40:58 CST 2015
	LineNo = -1
	Class = class org.apache.ode.bpel.evt.ProcessCompletionEvent
2015-02-11 17:41:06,914 [ODEServer-7] INFO  cn.edu.nju.cs.tcao4bpel.epr.TimeLogBpelEventListener  - 
ProcessInstanceStartedEvent:
	RootScopeId = 19547
	ScopeDeclarationId = 3
	Type = instanceLifecycle
	ProcessInstanceId = 12630
	ProcessId = {http://cs.nju.edu.cn/tcao4bpel/travel}TravelCase2-5
	ProcessName = {http://cs.nju.edu.cn/tcao4bpel/travel}TravelCase2
	Timestamp = Wed Feb 11 17:41:06 CST 2015
	LineNo = -1
	Class = class org.apache.ode.bpel.evt.ProcessInstanceStartedEvent
2015-02-11 17:41:09,610 [ODEServer-7] INFO  cn.edu.nju.cs.tcao4bpel.epr.TimeLogBpelEventListener  - 
ProcessCompletionEvent:
	Type = instanceLifecycle
	ProcessInstanceId = 12630
	ProcessId = {http://cs.nju.edu.cn/tcao4bpel/travel}TravelCase2-5
	ProcessName = {http://cs.nju.edu.cn/tcao4bpel/travel}TravelCase2
	Timestamp = Wed Feb 11 17:41:09 CST 2015
	LineNo = -1
	Class = class org.apache.ode.bpel.evt.ProcessCompletionEvent
2015-02-11 17:41:11,369 [ODEServer-7] INFO  cn.edu.nju.cs.tcao4bpel.epr.TimeLogBpelEventListener  - 
ProcessInstanceStartedEvent:
	RootScopeId = 21306
	ScopeDeclarationId = 3
	Type = instanceLifecycle
	ProcessInstanceId = 12631
	ProcessId = {http://cs.nju.edu.cn/tcao4bpel/travel}TravelCase2-5
	ProcessName = {http://cs.nju.edu.cn/tcao4bpel/travel}TravelCase2
	Timestamp = Wed Feb 11 17:41:11 CST 2015
	LineNo = -1
	Class = class org.apache.ode.bpel.evt.ProcessInstanceStartedEvent
2015-02-11 17:41:12,990 [ODEServer-7] INFO  cn.edu.nju.cs.tcao4bpel.epr.TimeLogBpelEventListener  - 
ProcessCompletionEvent:
	Type = instanceLifecycle
	ProcessInstanceId = 12631
	ProcessId = {http://cs.nju.edu.cn/tcao4bpel/travel}TravelCase2-5
	ProcessName = {http://cs.nju.edu.cn/tcao4bpel/travel}TravelCase2
	Timestamp = Wed Feb 11 17:41:12 CST 2015
	LineNo = -1
	Class = class org.apache.ode.bpel.evt.ProcessCompletionEvent
2015-02-11 17:41:14,677 [ODEServer-7] INFO  cn.edu.nju.cs.tcao4bpel.epr.TimeLogBpelEventListener  - 
ProcessInstanceStartedEvent:
	RootScopeId = 21315
	ScopeDeclarationId = 3
	Type = instanceLifecycle
	ProcessInstanceId = 12632
	ProcessId = {http://cs.nju.edu.cn/tcao4bpel/travel}TravelCase2-5
	ProcessName = {http://cs.nju.edu.cn/tcao4bpel/travel}TravelCase2
	Timestamp = Wed Feb 11 17:41:14 CST 2015
	LineNo = -1
	Class = class org.apache.ode.bpel.evt.ProcessInstanceStartedEvent
2015-02-11 17:41:17,252 [ODEServer-6] INFO  cn.edu.nju.cs.tcao4bpel.epr.TimeLogBpelEventListener  - 
ProcessCompletionEvent:
	Type = instanceLifecycle
	ProcessInstanceId = 12632
	ProcessId = {http://cs.nju.edu.cn/tcao4bpel/travel}TravelCase2-5
	ProcessName = {http://cs.nju.edu.cn/tcao4bpel/travel}TravelCase2
	Timestamp = Wed Feb 11 17:41:17 CST 2015
	LineNo = -1
	Class = class org.apache.ode.bpel.evt.ProcessCompletionEvent
2015-02-11 17:41:18,731 [ODEServer-6] INFO  cn.edu.nju.cs.tcao4bpel.epr.TimeLogBpelEventListener  - 
ProcessInstanceStartedEvent:
	RootScopeId = 21324
	ScopeDeclarationId = 3
	Type = instanceLifecycle
	ProcessInstanceId = 12633
	ProcessId = {http://cs.nju.edu.cn/tcao4bpel/travel}TravelCase2-5
	ProcessName = {http://cs.nju.edu.cn/tcao4bpel/travel}TravelCase2
	Timestamp = Wed Feb 11 17:41:18 CST 2015
	LineNo = -1
	Class = class org.apache.ode.bpel.evt.ProcessInstanceStartedEvent
2015-02-11 17:41:20,436 [ODEServer-9] INFO  cn.edu.nju.cs.tcao4bpel.epr.TimeLogBpelEventListener  - 
ProcessCompletionEvent:
	Type = instanceLifecycle
	ProcessInstanceId = 12633
	ProcessId = {http://cs.nju.edu.cn/tcao4bpel/travel}TravelCase2-5
	ProcessName = {http://cs.nju.edu.cn/tcao4bpel/travel}TravelCase2
	Timestamp = Wed Feb 11 17:41:20 CST 2015
	LineNo = -1
	Class = class org.apache.ode.bpel.evt.ProcessCompletionEvent
2015-02-11 17:41:21,893 [ODEServer-9] INFO  cn.edu.nju.cs.tcao4bpel.epr.TimeLogBpelEventListener  - 
ProcessInstanceStartedEvent:
	RootScopeId = 21333
	ScopeDeclarationId = 3
	Type = instanceLifecycle
	ProcessInstanceId = 12634
	ProcessId = {http://cs.nju.edu.cn/tcao4bpel/travel}TravelCase2-5
	ProcessName = {http://cs.nju.edu.cn/tcao4bpel/travel}TravelCase2
	Timestamp = Wed Feb 11 17:41:21 CST 2015
	LineNo = -1
	Class = class org.apache.ode.bpel.evt.ProcessInstanceStartedEvent
2015-02-11 17:41:24,548 [ODEServer-10] INFO  cn.edu.nju.cs.tcao4bpel.epr.TimeLogBpelEventListener  - 
ProcessCompletionEvent:
	Type = instanceLifecycle
	ProcessInstanceId = 12634
	ProcessId = {http://cs.nju.edu.cn/tcao4bpel/travel}TravelCase2-5
	ProcessName = {http://cs.nju.edu.cn/tcao4bpel/travel}TravelCase2
	Timestamp = Wed Feb 11 17:41:24 CST 2015
	LineNo = -1
	Class = class org.apache.ode.bpel.evt.ProcessCompletionEvent
2015-02-11 17:41:26,401 [ODEServer-10] INFO  cn.edu.nju.cs.tcao4bpel.epr.TimeLogBpelEventListener  - 
ProcessInstanceStartedEvent:
	RootScopeId = 21342
	ScopeDeclarationId = 3
	Type = instanceLifecycle
	ProcessInstanceId = 12635
	ProcessId = {http://cs.nju.edu.cn/tcao4bpel/travel}TravelCase2-5
	ProcessName = {http://cs.nju.edu.cn/tcao4bpel/travel}TravelCase2
	Timestamp = Wed Feb 11 17:41:26 CST 2015
	LineNo = -1
	Class = class org.apache.ode.bpel.evt.ProcessInstanceStartedEvent
2015-02-11 17:41:29,103 [ODEServer-9] INFO  cn.edu.nju.cs.tcao4bpel.epr.TimeLogBpelEventListener  - 
ProcessCompletionEvent:
	Type = instanceLifecycle
	ProcessInstanceId = 12635
	ProcessId = {http://cs.nju.edu.cn/tcao4bpel/travel}TravelCase2-5
	ProcessName = {http://cs.nju.edu.cn/tcao4bpel/travel}TravelCase2
	Timestamp = Wed Feb 11 17:41:29 CST 2015
	LineNo = -1
	Class = class org.apache.ode.bpel.evt.ProcessCompletionEvent
2015-02-11 17:41:30,395 [ODEServer-9] INFO  cn.edu.nju.cs.tcao4bpel.epr.TimeLogBpelEventListener  - 
ProcessInstanceStartedEvent:
	RootScopeId = 23101
	ScopeDeclarationId = 3
	Type = instanceLifecycle
	ProcessInstanceId = 12636
	ProcessId = {http://cs.nju.edu.cn/tcao4bpel/travel}TravelCase2-5
	ProcessName = {http://cs.nju.edu.cn/tcao4bpel/travel}TravelCase2
	Timestamp = Wed Feb 11 17:41:30 CST 2015
	LineNo = -1
	Class = class org.apache.ode.bpel.evt.ProcessInstanceStartedEvent
2015-02-11 17:41:33,254 [ODEServer-9] INFO  cn.edu.nju.cs.tcao4bpel.epr.TimeLogBpelEventListener  - 
ProcessCompletionEvent:
	Type = instanceLifecycle
	ProcessInstanceId = 12636
	ProcessId = {http://cs.nju.edu.cn/tcao4bpel/travel}TravelCase2-5
	ProcessName = {http://cs.nju.edu.cn/tcao4bpel/travel}TravelCase2
	Timestamp = Wed Feb 11 17:41:33 CST 2015
	LineNo = -1
	Class = class org.apache.ode.bpel.evt.ProcessCompletionEvent
2015-02-11 17:41:34,640 [ODEServer-9] INFO  cn.edu.nju.cs.tcao4bpel.epr.TimeLogBpelEventListener  - 
ProcessInstanceStartedEvent:
	RootScopeId = 23110
	ScopeDeclarationId = 3
	Type = instanceLifecycle
	ProcessInstanceId = 12637
	ProcessId = {http://cs.nju.edu.cn/tcao4bpel/travel}TravelCase2-5
	ProcessName = {http://cs.nju.edu.cn/tcao4bpel/travel}TravelCase2
	Timestamp = Wed Feb 11 17:41:34 CST 2015
	LineNo = -1
	Class = class org.apache.ode.bpel.evt.ProcessInstanceStartedEvent
2015-02-11 17:41:36,211 [ODEServer-10] INFO  cn.edu.nju.cs.tcao4bpel.epr.TimeLogBpelEventListener  - 
ProcessCompletionEvent:
	Type = instanceLifecycle
	ProcessInstanceId = 12637
	ProcessId = {http://cs.nju.edu.cn/tcao4bpel/travel}TravelCase2-5
	ProcessName = {http://cs.nju.edu.cn/tcao4bpel/travel}TravelCase2
	Timestamp = Wed Feb 11 17:41:36 CST 2015
	LineNo = -1
	Class = class org.apache.ode.bpel.evt.ProcessCompletionEvent
2015-02-11 17:41:37,630 [ODEServer-10] INFO  cn.edu.nju.cs.tcao4bpel.epr.TimeLogBpelEventListener  - 
ProcessInstanceStartedEvent:
	RootScopeId = 23119
	ScopeDeclarationId = 3
	Type = instanceLifecycle
	ProcessInstanceId = 12638
	ProcessId = {http://cs.nju.edu.cn/tcao4bpel/travel}TravelCase2-5
	ProcessName = {http://cs.nju.edu.cn/tcao4bpel/travel}TravelCase2
	Timestamp = Wed Feb 11 17:41:37 CST 2015
	LineNo = -1
	Class = class org.apache.ode.bpel.evt.ProcessInstanceStartedEvent
2015-02-11 17:41:40,034 [ODEServer-1] INFO  cn.edu.nju.cs.tcao4bpel.epr.TimeLogBpelEventListener  - 
ProcessCompletionEvent:
	Type = instanceLifecycle
	ProcessInstanceId = 12638
	ProcessId = {http://cs.nju.edu.cn/tcao4bpel/travel}TravelCase2-5
	ProcessName = {http://cs.nju.edu.cn/tcao4bpel/travel}TravelCase2
	Timestamp = Wed Feb 11 17:41:40 CST 2015
	LineNo = -1
	Class = class org.apache.ode.bpel.evt.ProcessCompletionEvent
2015-02-11 17:41:41,296 [ODEServer-1] INFO  cn.edu.nju.cs.tcao4bpel.epr.TimeLogBpelEventListener  - 
ProcessInstanceStartedEvent:
	RootScopeId = 23128
	ScopeDeclarationId = 3
	Type = instanceLifecycle
	ProcessInstanceId = 12639
	ProcessId = {http://cs.nju.edu.cn/tcao4bpel/travel}TravelCase2-5
	ProcessName = {http://cs.nju.edu.cn/tcao4bpel/travel}TravelCase2
	Timestamp = Wed Feb 11 17:41:41 CST 2015
	LineNo = -1
	Class = class org.apache.ode.bpel.evt.ProcessInstanceStartedEvent
2015-02-11 17:41:43,682 [ODEServer-9] INFO  cn.edu.nju.cs.tcao4bpel.epr.TimeLogBpelEventListener  - 
ProcessCompletionEvent:
	Type = instanceLifecycle
	ProcessInstanceId = 12639
	ProcessId = {http://cs.nju.edu.cn/tcao4bpel/travel}TravelCase2-5
	ProcessName = {http://cs.nju.edu.cn/tcao4bpel/travel}TravelCase2
	Timestamp = Wed Feb 11 17:41:43 CST 2015
	LineNo = -1
	Class = class org.apache.ode.bpel.evt.ProcessCompletionEvent
2015-02-11 17:41:45,012 [ODEServer-9] INFO  cn.edu.nju.cs.tcao4bpel.epr.TimeLogBpelEventListener  - 
ProcessInstanceStartedEvent:
	RootScopeId = 23137
	ScopeDeclarationId = 3
	Type = instanceLifecycle
	ProcessInstanceId = 12640
	ProcessId = {http://cs.nju.edu.cn/tcao4bpel/travel}TravelCase2-5
	ProcessName = {http://cs.nju.edu.cn/tcao4bpel/travel}TravelCase2
	Timestamp = Wed Feb 11 17:41:45 CST 2015
	LineNo = -1
	Class = class org.apache.ode.bpel.evt.ProcessInstanceStartedEvent
2015-02-11 17:41:46,488 [ODEServer-9] INFO  cn.edu.nju.cs.tcao4bpel.epr.TimeLogBpelEventListener  - 
ProcessCompletionEvent:
	Type = instanceLifecycle
	ProcessInstanceId = 12640
	ProcessId = {http://cs.nju.edu.cn/tcao4bpel/travel}TravelCase2-5
	ProcessName = {http://cs.nju.edu.cn/tcao4bpel/travel}TravelCase2
	Timestamp = Wed Feb 11 17:41:46 CST 2015
	LineNo = -1
	Class = class org.apache.ode.bpel.evt.ProcessCompletionEvent
2015-02-11 17:41:48,391 [ODEServer-9] INFO  cn.edu.nju.cs.tcao4bpel.epr.TimeLogBpelEventListener  - 
ProcessInstanceStartedEvent:
	RootScopeId = 23146
	ScopeDeclarationId = 3
	Type = instanceLifecycle
	ProcessInstanceId = 12641
	ProcessId = {http://cs.nju.edu.cn/tcao4bpel/travel}TravelCase2-5
	ProcessName = {http://cs.nju.edu.cn/tcao4bpel/travel}TravelCase2
	Timestamp = Wed Feb 11 17:41:48 CST 2015
	LineNo = -1
	Class = class org.apache.ode.bpel.evt.ProcessInstanceStartedEvent
2015-02-11 17:41:50,921 [ODEServer-9] INFO  cn.edu.nju.cs.tcao4bpel.epr.TimeLogBpelEventListener  - 
ProcessCompletionEvent:
	Type = instanceLifecycle
	ProcessInstanceId = 12641
	ProcessId = {http://cs.nju.edu.cn/tcao4bpel/travel}TravelCase2-5
	ProcessName = {http://cs.nju.edu.cn/tcao4bpel/travel}TravelCase2
	Timestamp = Wed Feb 11 17:41:50 CST 2015
	LineNo = -1
	Class = class org.apache.ode.bpel.evt.ProcessCompletionEvent
